<?xml version="1.0" encoding="UTF-8"?>
<!-- Generated by org.testng.reporters.JUnitReportReporter -->
<testsuite skipped="0" hostname="INCHLPT113" name="TestBase.TestingIt" tests="1" failures="0" timestamp="10 Mar 2019 05:13:50 GMT" time="0.017" errors="0">
  <testcase name="helloworld" time="0.017" classname="TestBase.TestingIt"/>
</testsuite> <!-- TestBase.TestingIt -->
