<?xml version="1.0" encoding="UTF-8"?>
<!-- Generated by org.testng.reporters.JUnitReportReporter -->
<testsuite skipped="0" hostname="INCHLPT113" name="FreeCRM.FreeCRM.Testing" tests="1" failures="0" timestamp="09 Mar 2019 15:13:32 GMT" time="0.010" errors="0">
  <testcase name="helloworld" time="0.010" classname="FreeCRM.FreeCRM.Testing"/>
</testsuite> <!-- FreeCRM.FreeCRM.Testing -->
