<?xml version="1.0" encoding="UTF-8"?>
<!-- Generated by org.testng.reporters.JUnitReportReporter -->
<testsuite skipped="0" hostname="INCHLPT113" name="TestBase.testBase" tests="1" failures="0" timestamp="10 Mar 2019 09:34:15 GMT" time="7.704" errors="0">
  <testcase name="initialize" time="7.704" classname="TestBase.testBase"/>
</testsuite> <!-- TestBase.testBase -->
