<?xml version="1.0" encoding="UTF-8"?>
<!-- Generated by org.testng.reporters.JUnitReportReporter -->
<testsuite skipped="0" hostname="INCHLPT113" name="Com.qa.crm.pageTest.homepageTest" tests="1" failures="0" timestamp="06 Jul 2019 14:01:35 GMT" time="6.931" errors="0">
  <testcase name="calenderselection" time="6.931" classname="Com.qa.crm.pageTest.homepageTest"/>
</testsuite> <!-- Com.qa.crm.pageTest.homepageTest -->
